2025-05-14 00:29:01.783  INFO 27116 --- [main] c.p.empleados.EmpleadosApplication       : Starting EmpleadosApplication using Java 17.0.13 on ManuVar with PID 27116 (C:\Users\umclo\Documents\Siscon\empleados\target\classes started by umclo in C:\Users\umclo\Documents\Siscon\empleados)
2025-05-14 00:29:01.788 DEBUG 27116 --- [main] c.p.empleados.EmpleadosApplication       : Running with Spring Boot v2.7.18, Spring v5.3.31
2025-05-14 00:29:01.789  INFO 27116 --- [main] c.p.empleados.EmpleadosApplication       : No active profile set, falling back to 1 default profile: "default"
2025-05-14 00:29:02.408  INFO 27116 --- [main] .s.d.r.c.RepositoryConfigurationDelegate : Bootstrapping Spring Data JPA repositories in DEFAULT mode.
2025-05-14 00:29:02.457  INFO 27116 --- [main] .s.d.r.c.RepositoryConfigurationDelegate : Finished Spring Data repository scanning in 39 ms. Found 1 JPA repository interfaces.
2025-05-14 00:29:03.053  INFO 27116 --- [main] o.s.b.w.embedded.tomcat.TomcatWebServer  : Tomcat initialized with port(s): 8080 (http)
2025-05-14 00:29:03.062  INFO 27116 --- [main] o.apache.catalina.core.StandardService   : Starting service [Tomcat]
2025-05-14 00:29:03.062  INFO 27116 --- [main] org.apache.catalina.core.StandardEngine  : Starting Servlet engine: [Apache Tomcat/9.0.83]
2025-05-14 00:29:03.156  INFO 27116 --- [main] o.a.c.c.C.[Tomcat].[localhost].[/]       : Initializing Spring embedded WebApplicationContext
2025-05-14 00:29:03.156  INFO 27116 --- [main] w.s.c.ServletWebServerApplicationContext : Root WebApplicationContext: initialization completed in 1328 ms
2025-05-14 00:29:03.439  INFO 27116 --- [main] o.hibernate.jpa.internal.util.LogHelper  : HHH000204: Processing PersistenceUnitInfo [name: default]
2025-05-14 00:29:03.498  INFO 27116 --- [main] org.hibernate.Version                    : HHH000412: Hibernate ORM core version 5.6.15.Final
2025-05-14 00:29:03.628  INFO 27116 --- [main] o.hibernate.annotations.common.Version   : HCANN000001: Hibernate Commons Annotations {5.1.2.Final}
2025-05-14 00:29:03.733  INFO 27116 --- [main] com.zaxxer.hikari.HikariDataSource       : HikariPool-1 - Starting...
2025-05-14 00:29:03.895  INFO 27116 --- [main] com.zaxxer.hikari.HikariDataSource       : HikariPool-1 - Start completed.
2025-05-14 00:29:03.922  INFO 27116 --- [main] org.hibernate.dialect.Dialect            : HHH000400: Using dialect: org.hibernate.dialect.PostgreSQL10Dialect
2025-05-14 00:29:04.492  INFO 27116 --- [main] o.h.e.t.j.p.i.JtaPlatformInitiator       : HHH000490: Using JtaPlatform implementation: [org.hibernate.engine.transaction.jta.platform.internal.NoJtaPlatform]
2025-05-14 00:29:04.498  INFO 27116 --- [main] j.LocalContainerEntityManagerFactoryBean : Initialized JPA EntityManagerFactory for persistence unit 'default'
2025-05-14 00:29:04.833  WARN 27116 --- [main] JpaBaseConfiguration$JpaWebConfiguration : spring.jpa.open-in-view is enabled by default. Therefore, database queries may be performed during view rendering. Explicitly configure spring.jpa.open-in-view to disable this warning
2025-05-14 00:29:05.175  INFO 27116 --- [main] o.s.b.w.embedded.tomcat.TomcatWebServer  : Tomcat started on port(s): 8080 (http) with context path ''
2025-05-14 00:29:05.183  INFO 27116 --- [main] c.p.empleados.EmpleadosApplication       : Started EmpleadosApplication in 3.718 seconds (JVM running for 8.43)
2025-05-14 00:29:15.671  INFO 27116 --- [http-nio-8080-exec-4] o.a.c.c.C.[Tomcat].[localhost].[/]       : Initializing Spring DispatcherServlet 'dispatcherServlet'
2025-05-14 00:29:15.671  INFO 27116 --- [http-nio-8080-exec-4] o.s.web.servlet.DispatcherServlet        : Initializing Servlet 'dispatcherServlet'
2025-05-14 00:29:15.672  INFO 27116 --- [http-nio-8080-exec-4] o.s.web.servlet.DispatcherServlet        : Completed initialization in 1 ms
2025-05-14 00:29:15.687  INFO 27116 --- [http-nio-8080-exec-4] c.p.e.controlador.EmpleadoController     : GET /api/empleados - Obtener todos los empleados
2025-05-14 00:29:15.687  INFO 27116 --- [http-nio-8080-exec-4] c.p.e.service.EmpleadoServiceImpl        : Recuperando todos los empleados...
2025-05-14 00:29:42.836  WARN 27116 --- [http-nio-8080-exec-1] c.p.e.excepcion.GlobalExceptionHandler   : Error de validación en la URI /api/empleados: Validation failed for argument [0] in public org.springframework.http.ResponseEntity<com.proyecto.empleados.api.response.EmpleadoResponse> com.proyecto.empleados.controlador.EmpleadoController.crearEmpleado(com.proyecto.empleados.api.request.EmpleadoRequest) with 7 errors: [Field error in object 'empleadoRequest' on field 'apellidoPaterno': rejected value [null]; codes [NotNull.empleadoRequest.apellidoPaterno,NotNull.apellidoPaterno,NotNull.java.lang.String,NotNull]; arguments [org.springframework.context.support.DefaultMessageSourceResolvable: codes [empleadoRequest.apellidoPaterno,apellidoPaterno]; arguments []; default message [apellidoPaterno]]; default message [El apellido paterno es obligatorio]] [Field error in object 'empleadoRequest' on field 'fchNacimiento': rejected value [null]; codes [NotNull.empleadoRequest.fchNacimiento,NotNull.fchNacimiento,NotNull.java.lang.String,NotNull]; arguments [org.springframework.context.support.DefaultMessageSourceResolvable: codes [empleadoRequest.fchNacimiento,fchNacimiento]; arguments []; default message [fchNacimiento]]; default message [La fecha de nacimiento es obligatoria]] [Field error in object 'empleadoRequest' on field 'edad': rejected value [0]; codes [Min.empleadoRequest.edad,Min.edad,Min.int,Min]; arguments [org.springframework.context.support.DefaultMessageSourceResolvable: codes [empleadoRequest.edad,edad]; arguments []; default message [edad],18]; default message [La edad mínima permitida es 18]] [Field error in object 'empleadoRequest' on field 'primerNombre': rejected value [null]; codes [NotNull.empleadoRequest.primerNombre,NotNull.primerNombre,NotNull.java.lang.String,NotNull]; arguments [org.springframework.context.support.DefaultMessageSourceResolvable: codes [empleadoRequest.primerNombre,primerNombre]; arguments []; default message [primerNombre]]; default message [El primer nombre es obligatorio]] [Field error in object 'empleadoRequest' on field 'edad': rejected value [0]; codes [Min.empleadoRequest.edad,Min.edad,Min.int,Min]; arguments [org.springframework.context.support.DefaultMessageSourceResolvable: codes [empleadoRequest.edad,edad]; arguments []; default message [edad],18]; default message [La edad mínima permitida es 18]] [Field error in object 'empleadoRequest' on field 'puesto': rejected value [null]; codes [NotNull.empleadoRequest.puesto,NotNull.puesto,NotNull.java.lang.String,NotNull]; arguments [org.springframework.context.support.DefaultMessageSourceResolvable: codes [empleadoRequest.puesto,puesto]; arguments []; default message [puesto]]; default message [El puesto es obligatoria]] [Field error in object 'empleadoRequest' on field 'sexo': rejected value [null]; codes [NotBlank.empleadoRequest.sexo,NotBlank.sexo,NotBlank.java.lang.String,NotBlank]; arguments [org.springframework.context.support.DefaultMessageSourceResolvable: codes [empleadoRequest.sexo,sexo]; arguments []; default message [sexo]]; default message [El sexo es obligatorio]] 
2025-05-14 00:32:00.428  INFO 27116 --- [SpringApplicationShutdownHook] j.LocalContainerEntityManagerFactoryBean : Closing JPA EntityManagerFactory for persistence unit 'default'
2025-05-14 00:32:00.430  INFO 27116 --- [SpringApplicationShutdownHook] com.zaxxer.hikari.HikariDataSource       : HikariPool-1 - Shutdown initiated...
2025-05-14 00:32:00.433  INFO 27116 --- [SpringApplicationShutdownHook] com.zaxxer.hikari.HikariDataSource       : HikariPool-1 - Shutdown completed.
2025-05-14 00:32:03.107  INFO 27396 --- [main] c.p.empleados.EmpleadosApplication       : Starting EmpleadosApplication using Java 17.0.13 on ManuVar with PID 27396 (C:\Users\umclo\Documents\Siscon\empleados\target\classes started by umclo in C:\Users\umclo\Documents\Siscon\empleados)
2025-05-14 00:32:03.108 DEBUG 27396 --- [main] c.p.empleados.EmpleadosApplication       : Running with Spring Boot v2.7.18, Spring v5.3.31
2025-05-14 00:32:03.109  INFO 27396 --- [main] c.p.empleados.EmpleadosApplication       : No active profile set, falling back to 1 default profile: "default"
2025-05-14 00:32:03.685  INFO 27396 --- [main] .s.d.r.c.RepositoryConfigurationDelegate : Bootstrapping Spring Data JPA repositories in DEFAULT mode.
2025-05-14 00:32:03.725  INFO 27396 --- [main] .s.d.r.c.RepositoryConfigurationDelegate : Finished Spring Data repository scanning in 31 ms. Found 1 JPA repository interfaces.
2025-05-14 00:32:04.254  INFO 27396 --- [main] o.s.b.w.embedded.tomcat.TomcatWebServer  : Tomcat initialized with port(s): 8080 (http)
2025-05-14 00:32:04.261  INFO 27396 --- [main] o.apache.catalina.core.StandardService   : Starting service [Tomcat]
2025-05-14 00:32:04.261  INFO 27396 --- [main] org.apache.catalina.core.StandardEngine  : Starting Servlet engine: [Apache Tomcat/9.0.83]
2025-05-14 00:32:04.346  INFO 27396 --- [main] o.a.c.c.C.[Tomcat].[localhost].[/]       : Initializing Spring embedded WebApplicationContext
2025-05-14 00:32:04.346  INFO 27396 --- [main] w.s.c.ServletWebServerApplicationContext : Root WebApplicationContext: initialization completed in 1205 ms
2025-05-14 00:32:04.486  INFO 27396 --- [main] o.hibernate.jpa.internal.util.LogHelper  : HHH000204: Processing PersistenceUnitInfo [name: default]
2025-05-14 00:32:04.522  INFO 27396 --- [main] org.hibernate.Version                    : HHH000412: Hibernate ORM core version 5.6.15.Final
2025-05-14 00:32:04.637  INFO 27396 --- [main] o.hibernate.annotations.common.Version   : HCANN000001: Hibernate Commons Annotations {5.1.2.Final}
2025-05-14 00:32:04.734  INFO 27396 --- [main] com.zaxxer.hikari.HikariDataSource       : HikariPool-1 - Starting...
2025-05-14 00:32:04.862  INFO 27396 --- [main] com.zaxxer.hikari.HikariDataSource       : HikariPool-1 - Start completed.
2025-05-14 00:32:04.881  INFO 27396 --- [main] org.hibernate.dialect.Dialect            : HHH000400: Using dialect: org.hibernate.dialect.PostgreSQL10Dialect
2025-05-14 00:32:05.377  INFO 27396 --- [main] o.h.e.t.j.p.i.JtaPlatformInitiator       : HHH000490: Using JtaPlatform implementation: [org.hibernate.engine.transaction.jta.platform.internal.NoJtaPlatform]
2025-05-14 00:32:05.385  INFO 27396 --- [main] j.LocalContainerEntityManagerFactoryBean : Initialized JPA EntityManagerFactory for persistence unit 'default'
2025-05-14 00:32:05.681  WARN 27396 --- [main] JpaBaseConfiguration$JpaWebConfiguration : spring.jpa.open-in-view is enabled by default. Therefore, database queries may be performed during view rendering. Explicitly configure spring.jpa.open-in-view to disable this warning
2025-05-14 00:32:06.001  INFO 27396 --- [main] o.s.b.w.embedded.tomcat.TomcatWebServer  : Tomcat started on port(s): 8080 (http) with context path ''
2025-05-14 00:32:06.012  INFO 27396 --- [main] c.p.empleados.EmpleadosApplication       : Started EmpleadosApplication in 3.2 seconds (JVM running for 3.477)
2025-05-14 00:32:29.169  INFO 27396 --- [http-nio-8080-exec-1] o.a.c.c.C.[Tomcat].[localhost].[/]       : Initializing Spring DispatcherServlet 'dispatcherServlet'
2025-05-14 00:32:29.169  INFO 27396 --- [http-nio-8080-exec-1] o.s.web.servlet.DispatcherServlet        : Initializing Servlet 'dispatcherServlet'
2025-05-14 00:32:29.170  INFO 27396 --- [http-nio-8080-exec-1] o.s.web.servlet.DispatcherServlet        : Completed initialization in 1 ms
2025-05-14 00:32:29.193  INFO 27396 --- [http-nio-8080-exec-1] c.p.e.controlador.EmpleadoController     : GET /api/empleados - Obtener todos los empleados
2025-05-14 00:32:29.193  INFO 27396 --- [http-nio-8080-exec-1] c.p.e.service.EmpleadoServiceImpl        : Recuperando todos los empleados...
2025-05-14 00:34:48.844  INFO 27396 --- [http-nio-8080-exec-5] c.p.e.controlador.EmpleadoController     : GET /api/empleados/1 - Obtener empleado por ID
2025-05-14 00:34:48.844 DEBUG 27396 --- [http-nio-8080-exec-5] c.p.e.service.EmpleadoServiceImpl        : Buscando empleado con ID: 1
2025-05-14 00:34:55.024  INFO 27396 --- [http-nio-8080-exec-6] c.p.e.controlador.EmpleadoController     : GET /api/empleados/5 - Obtener empleado por ID
2025-05-14 00:34:55.024 DEBUG 27396 --- [http-nio-8080-exec-6] c.p.e.service.EmpleadoServiceImpl        : Buscando empleado con ID: 5
2025-05-14 00:36:55.284  INFO 27396 --- [http-nio-8080-exec-8] c.p.e.controlador.EmpleadoController     : POST /api/empleados - Crear empleado: Sara
2025-05-14 00:36:55.284  INFO 27396 --- [http-nio-8080-exec-8] c.p.e.service.EmpleadoServiceImpl        : Creando nuevo empleado: Sara
2025-05-14 00:36:55.324  WARN 27396 --- [http-nio-8080-exec-8] o.h.engine.jdbc.spi.SqlExceptionHelper   : SQL Error: 0, SQLState: 42804
2025-05-14 00:36:55.324 ERROR 27396 --- [http-nio-8080-exec-8] o.h.engine.jdbc.spi.SqlExceptionHelper   : ERROR: la columna «fecha_nacimiento» es de tipo date pero la expresión es de tipo character varying
  Hint: Necesitará reescribir la expresión o aplicarle una conversión de tipo.
  Position: 148
2025-05-14 00:36:55.335 ERROR 27396 --- [http-nio-8080-exec-8] c.p.e.excepcion.GlobalExceptionHandler   : Error en la URI /api/empleados: could not execute statement; SQL [n/a]; nested exception is org.hibernate.exception.SQLGrammarException: could not execute statement
2025-05-14 00:48:29.313  INFO 27396 --- [SpringApplicationShutdownHook] j.LocalContainerEntityManagerFactoryBean : Closing JPA EntityManagerFactory for persistence unit 'default'
2025-05-14 00:48:29.314  INFO 27396 --- [SpringApplicationShutdownHook] com.zaxxer.hikari.HikariDataSource       : HikariPool-1 - Shutdown initiated...
2025-05-14 00:48:29.317  INFO 27396 --- [SpringApplicationShutdownHook] com.zaxxer.hikari.HikariDataSource       : HikariPool-1 - Shutdown completed.
2025-05-14 00:48:32.751  INFO 11708 --- [main] c.p.empleados.EmpleadosApplication       : Starting EmpleadosApplication using Java 17.0.13 on ManuVar with PID 11708 (C:\Users\umclo\Documents\Siscon\empleados\target\classes started by umclo in C:\Users\umclo\Documents\Siscon\empleados)
2025-05-14 00:48:32.753 DEBUG 11708 --- [main] c.p.empleados.EmpleadosApplication       : Running with Spring Boot v2.7.18, Spring v5.3.31
2025-05-14 00:48:32.753  INFO 11708 --- [main] c.p.empleados.EmpleadosApplication       : No active profile set, falling back to 1 default profile: "default"
2025-05-14 00:48:33.296  INFO 11708 --- [main] .s.d.r.c.RepositoryConfigurationDelegate : Bootstrapping Spring Data JPA repositories in DEFAULT mode.
2025-05-14 00:48:33.338  INFO 11708 --- [main] .s.d.r.c.RepositoryConfigurationDelegate : Finished Spring Data repository scanning in 35 ms. Found 1 JPA repository interfaces.
2025-05-14 00:48:33.808  INFO 11708 --- [main] o.s.b.w.embedded.tomcat.TomcatWebServer  : Tomcat initialized with port(s): 8080 (http)
2025-05-14 00:48:33.814  INFO 11708 --- [main] o.apache.catalina.core.StandardService   : Starting service [Tomcat]
2025-05-14 00:48:33.814  INFO 11708 --- [main] org.apache.catalina.core.StandardEngine  : Starting Servlet engine: [Apache Tomcat/9.0.83]
2025-05-14 00:48:33.896  INFO 11708 --- [main] o.a.c.c.C.[Tomcat].[localhost].[/]       : Initializing Spring embedded WebApplicationContext
2025-05-14 00:48:33.897  INFO 11708 --- [main] w.s.c.ServletWebServerApplicationContext : Root WebApplicationContext: initialization completed in 1103 ms
2025-05-14 00:48:34.068  INFO 11708 --- [main] o.hibernate.jpa.internal.util.LogHelper  : HHH000204: Processing PersistenceUnitInfo [name: default]
2025-05-14 00:48:34.104  INFO 11708 --- [main] org.hibernate.Version                    : HHH000412: Hibernate ORM core version 5.6.15.Final
2025-05-14 00:48:34.224  INFO 11708 --- [main] o.hibernate.annotations.common.Version   : HCANN000001: Hibernate Commons Annotations {5.1.2.Final}
2025-05-14 00:48:34.325  INFO 11708 --- [main] com.zaxxer.hikari.HikariDataSource       : HikariPool-1 - Starting...
2025-05-14 00:48:34.453  INFO 11708 --- [main] com.zaxxer.hikari.HikariDataSource       : HikariPool-1 - Start completed.
2025-05-14 00:48:34.472  INFO 11708 --- [main] org.hibernate.dialect.Dialect            : HHH000400: Using dialect: org.hibernate.dialect.PostgreSQL10Dialect
2025-05-14 00:48:34.970  INFO 11708 --- [main] o.h.e.t.j.p.i.JtaPlatformInitiator       : HHH000490: Using JtaPlatform implementation: [org.hibernate.engine.transaction.jta.platform.internal.NoJtaPlatform]
2025-05-14 00:48:34.976  INFO 11708 --- [main] j.LocalContainerEntityManagerFactoryBean : Initialized JPA EntityManagerFactory for persistence unit 'default'
2025-05-14 00:48:35.286  WARN 11708 --- [main] JpaBaseConfiguration$JpaWebConfiguration : spring.jpa.open-in-view is enabled by default. Therefore, database queries may be performed during view rendering. Explicitly configure spring.jpa.open-in-view to disable this warning
2025-05-14 00:48:35.650  INFO 11708 --- [main] o.s.b.w.embedded.tomcat.TomcatWebServer  : Tomcat started on port(s): 8080 (http) with context path ''
2025-05-14 00:48:35.660  INFO 11708 --- [main] c.p.empleados.EmpleadosApplication       : Started EmpleadosApplication in 3.231 seconds (JVM running for 3.521)
2025-05-14 00:48:52.019  INFO 11708 --- [http-nio-8080-exec-1] o.a.c.c.C.[Tomcat].[localhost].[/]       : Initializing Spring DispatcherServlet 'dispatcherServlet'
2025-05-14 00:48:52.020  INFO 11708 --- [http-nio-8080-exec-1] o.s.web.servlet.DispatcherServlet        : Initializing Servlet 'dispatcherServlet'
2025-05-14 00:48:52.021  INFO 11708 --- [http-nio-8080-exec-1] o.s.web.servlet.DispatcherServlet        : Completed initialization in 1 ms
2025-05-14 00:48:52.047  INFO 11708 --- [http-nio-8080-exec-1] c.p.e.controlador.EmpleadoController     : GET /api/empleados - Obtener todos los empleados
2025-05-14 00:48:52.047  INFO 11708 --- [http-nio-8080-exec-1] c.p.e.service.EmpleadoServiceImpl        : Recuperando todos los empleados...
2025-05-14 00:49:00.528  INFO 11708 --- [http-nio-8080-exec-3] c.p.e.controlador.EmpleadoController     : GET /api/empleados/6 - Obtener empleado por ID
2025-05-14 00:49:00.528 DEBUG 11708 --- [http-nio-8080-exec-3] c.p.e.service.EmpleadoServiceImpl        : Buscando empleado con ID: 6
2025-05-14 00:49:13.530  INFO 11708 --- [http-nio-8080-exec-4] c.p.e.controlador.EmpleadoController     : POST /api/empleados - Crear empleado: Sara
2025-05-14 00:49:13.531  INFO 11708 --- [http-nio-8080-exec-4] c.p.e.service.EmpleadoServiceImpl        : Creando nuevo empleado: Sara
2025-05-14 00:52:21.678  INFO 11708 --- [http-nio-8080-exec-7] c.p.e.controlador.EmpleadoController     : GET /api/empleados/9 - Obtener empleado por ID
2025-05-14 00:52:21.678 DEBUG 11708 --- [http-nio-8080-exec-7] c.p.e.service.EmpleadoServiceImpl        : Buscando empleado con ID: 9
2025-05-14 00:55:46.459  INFO 11708 --- [http-nio-8080-exec-10] c.p.e.controlador.EmpleadoController     : PUT /api/empleados/11 - Actualizar empleado
2025-05-14 00:55:46.459  INFO 11708 --- [http-nio-8080-exec-10] c.p.e.service.EmpleadoServiceImpl        : Actualizando empleado con ID: 11
2025-05-14 00:55:46.459 DEBUG 11708 --- [http-nio-8080-exec-10] c.p.e.service.EmpleadoServiceImpl        : Buscando empleado con ID: 11
2025-05-14 00:58:12.430  INFO 11708 --- [http-nio-8080-exec-3] c.p.e.controlador.EmpleadoController     : DELETE /api/empleados/11 - Eliminar empleado
2025-05-14 00:58:12.431  INFO 11708 --- [http-nio-8080-exec-3] c.p.e.service.EmpleadoServiceImpl        : Eliminando empleado con ID: 11
2025-05-14 00:58:12.431 DEBUG 11708 --- [http-nio-8080-exec-3] c.p.e.service.EmpleadoServiceImpl        : Buscando empleado con ID: 11
2025-05-14 01:00:36.839  INFO 11708 --- [http-nio-8080-exec-6] c.p.e.controlador.EmpleadoController     : GET /api/empleados/1000 - Obtener empleado por ID
2025-05-14 01:00:36.839 DEBUG 11708 --- [http-nio-8080-exec-6] c.p.e.service.EmpleadoServiceImpl        : Buscando empleado con ID: 1000
2025-05-14 01:00:36.841  WARN 11708 --- [http-nio-8080-exec-6] c.p.e.service.EmpleadoServiceImpl        : Empleado con ID 1000 no encontrado
2025-05-14 01:00:36.842 ERROR 11708 --- [http-nio-8080-exec-6] c.p.e.excepcion.GlobalExceptionHandler   : Error en la URI /api/empleados/1000%0A: Empleado no encontrado
2025-05-14 01:16:38.448  INFO 11708 --- [SpringApplicationShutdownHook] j.LocalContainerEntityManagerFactoryBean : Closing JPA EntityManagerFactory for persistence unit 'default'
2025-05-14 01:16:38.451  INFO 11708 --- [SpringApplicationShutdownHook] com.zaxxer.hikari.HikariDataSource       : HikariPool-1 - Shutdown initiated...
2025-05-14 01:16:38.453  INFO 11708 --- [SpringApplicationShutdownHook] com.zaxxer.hikari.HikariDataSource       : HikariPool-1 - Shutdown completed.
2025-05-14 01:20:45.063  INFO 19768 --- [main] c.p.empleados.EmpleadosApplication       : Starting EmpleadosApplication using Java 17.0.13 on ManuVar with PID 19768 (C:\Users\umclo\Documents\Siscon\empleados\target\classes started by umclo in C:\Users\umclo\Documents\Siscon\empleados)
2025-05-14 01:20:45.065 DEBUG 19768 --- [main] c.p.empleados.EmpleadosApplication       : Running with Spring Boot v2.7.18, Spring v5.3.31
2025-05-14 01:20:45.065  INFO 19768 --- [main] c.p.empleados.EmpleadosApplication       : No active profile set, falling back to 1 default profile: "default"
2025-05-14 01:20:45.647  INFO 19768 --- [main] .s.d.r.c.RepositoryConfigurationDelegate : Bootstrapping Spring Data JPA repositories in DEFAULT mode.
2025-05-14 01:20:45.688  INFO 19768 --- [main] .s.d.r.c.RepositoryConfigurationDelegate : Finished Spring Data repository scanning in 34 ms. Found 1 JPA repository interfaces.
2025-05-14 01:20:46.216  INFO 19768 --- [main] o.s.b.w.embedded.tomcat.TomcatWebServer  : Tomcat initialized with port(s): 8080 (http)
2025-05-14 01:20:46.226  INFO 19768 --- [main] o.apache.catalina.core.StandardService   : Starting service [Tomcat]
2025-05-14 01:20:46.226  INFO 19768 --- [main] org.apache.catalina.core.StandardEngine  : Starting Servlet engine: [Apache Tomcat/9.0.83]
2025-05-14 01:20:46.308  INFO 19768 --- [main] o.a.c.c.C.[Tomcat].[localhost].[/]       : Initializing Spring embedded WebApplicationContext
2025-05-14 01:20:46.308  INFO 19768 --- [main] w.s.c.ServletWebServerApplicationContext : Root WebApplicationContext: initialization completed in 1208 ms
2025-05-14 01:20:46.462  INFO 19768 --- [main] o.hibernate.jpa.internal.util.LogHelper  : HHH000204: Processing PersistenceUnitInfo [name: default]
2025-05-14 01:20:46.494  INFO 19768 --- [main] org.hibernate.Version                    : HHH000412: Hibernate ORM core version 5.6.15.Final
2025-05-14 01:20:46.609  INFO 19768 --- [main] o.hibernate.annotations.common.Version   : HCANN000001: Hibernate Commons Annotations {5.1.2.Final}
2025-05-14 01:20:46.704  INFO 19768 --- [main] com.zaxxer.hikari.HikariDataSource       : HikariPool-1 - Starting...
2025-05-14 01:20:46.833  INFO 19768 --- [main] com.zaxxer.hikari.HikariDataSource       : HikariPool-1 - Start completed.
2025-05-14 01:20:46.856  INFO 19768 --- [main] org.hibernate.dialect.Dialect            : HHH000400: Using dialect: org.hibernate.dialect.PostgreSQL10Dialect
2025-05-14 01:20:47.387  INFO 19768 --- [main] o.h.e.t.j.p.i.JtaPlatformInitiator       : HHH000490: Using JtaPlatform implementation: [org.hibernate.engine.transaction.jta.platform.internal.NoJtaPlatform]
2025-05-14 01:20:47.392  INFO 19768 --- [main] j.LocalContainerEntityManagerFactoryBean : Initialized JPA EntityManagerFactory for persistence unit 'default'
2025-05-14 01:20:47.706  WARN 19768 --- [main] JpaBaseConfiguration$JpaWebConfiguration : spring.jpa.open-in-view is enabled by default. Therefore, database queries may be performed during view rendering. Explicitly configure spring.jpa.open-in-view to disable this warning
2025-05-14 01:20:48.085  INFO 19768 --- [main] o.s.b.w.embedded.tomcat.TomcatWebServer  : Tomcat started on port(s): 8080 (http) with context path ''
2025-05-14 01:20:48.097  INFO 19768 --- [main] c.p.empleados.EmpleadosApplication       : Started EmpleadosApplication in 3.359 seconds (JVM running for 3.629)
2025-05-14 01:21:06.062  INFO 19768 --- [SpringApplicationShutdownHook] j.LocalContainerEntityManagerFactoryBean : Closing JPA EntityManagerFactory for persistence unit 'default'
2025-05-14 01:21:06.063  INFO 19768 --- [SpringApplicationShutdownHook] com.zaxxer.hikari.HikariDataSource       : HikariPool-1 - Shutdown initiated...
2025-05-14 01:21:06.065  INFO 19768 --- [SpringApplicationShutdownHook] com.zaxxer.hikari.HikariDataSource       : HikariPool-1 - Shutdown completed.
2025-05-14 01:23:40.833  INFO 9432 --- [main] c.p.empleados.EmpleadosApplication       : Starting EmpleadosApplication using Java 17.0.13 on ManuVar with PID 9432 (C:\Users\umclo\Documents\Siscon\empleados\target\classes started by umclo in C:\Users\umclo\Documents\Siscon\empleados)
2025-05-14 01:23:40.834 DEBUG 9432 --- [main] c.p.empleados.EmpleadosApplication       : Running with Spring Boot v2.7.18, Spring v5.3.31
2025-05-14 01:23:40.835  INFO 9432 --- [main] c.p.empleados.EmpleadosApplication       : No active profile set, falling back to 1 default profile: "default"
2025-05-14 01:23:41.449  INFO 9432 --- [main] .s.d.r.c.RepositoryConfigurationDelegate : Bootstrapping Spring Data JPA repositories in DEFAULT mode.
2025-05-14 01:23:41.497  INFO 9432 --- [main] .s.d.r.c.RepositoryConfigurationDelegate : Finished Spring Data repository scanning in 39 ms. Found 1 JPA repository interfaces.
2025-05-14 01:23:42.037  INFO 9432 --- [main] o.s.b.w.embedded.tomcat.TomcatWebServer  : Tomcat initialized with port(s): 8080 (http)
2025-05-14 01:23:42.044  INFO 9432 --- [main] o.apache.catalina.core.StandardService   : Starting service [Tomcat]
2025-05-14 01:23:42.044  INFO 9432 --- [main] org.apache.catalina.core.StandardEngine  : Starting Servlet engine: [Apache Tomcat/9.0.83]
2025-05-14 01:23:42.122  INFO 9432 --- [main] o.a.c.c.C.[Tomcat].[localhost].[/]       : Initializing Spring embedded WebApplicationContext
2025-05-14 01:23:42.123  INFO 9432 --- [main] w.s.c.ServletWebServerApplicationContext : Root WebApplicationContext: initialization completed in 1254 ms
2025-05-14 01:23:42.289  INFO 9432 --- [main] o.hibernate.jpa.internal.util.LogHelper  : HHH000204: Processing PersistenceUnitInfo [name: default]
2025-05-14 01:23:42.323  INFO 9432 --- [main] org.hibernate.Version                    : HHH000412: Hibernate ORM core version 5.6.15.Final
2025-05-14 01:23:42.439  INFO 9432 --- [main] o.hibernate.annotations.common.Version   : HCANN000001: Hibernate Commons Annotations {5.1.2.Final}
2025-05-14 01:23:42.540  INFO 9432 --- [main] com.zaxxer.hikari.HikariDataSource       : HikariPool-1 - Starting...
2025-05-14 01:23:42.773  INFO 9432 --- [main] com.zaxxer.hikari.HikariDataSource       : HikariPool-1 - Start completed.
2025-05-14 01:23:42.800  INFO 9432 --- [main] org.hibernate.dialect.Dialect            : HHH000400: Using dialect: org.hibernate.dialect.PostgreSQL10Dialect
2025-05-14 01:23:43.300  INFO 9432 --- [main] o.h.e.t.j.p.i.JtaPlatformInitiator       : HHH000490: Using JtaPlatform implementation: [org.hibernate.engine.transaction.jta.platform.internal.NoJtaPlatform]
2025-05-14 01:23:43.305  INFO 9432 --- [main] j.LocalContainerEntityManagerFactoryBean : Initialized JPA EntityManagerFactory for persistence unit 'default'
2025-05-14 01:23:43.613  WARN 9432 --- [main] JpaBaseConfiguration$JpaWebConfiguration : spring.jpa.open-in-view is enabled by default. Therefore, database queries may be performed during view rendering. Explicitly configure spring.jpa.open-in-view to disable this warning
2025-05-14 01:23:44.000  INFO 9432 --- [main] o.s.b.w.embedded.tomcat.TomcatWebServer  : Tomcat started on port(s): 8080 (http) with context path ''
2025-05-14 01:23:44.011  INFO 9432 --- [main] c.p.empleados.EmpleadosApplication       : Started EmpleadosApplication in 3.49 seconds (JVM running for 3.756)
2025-05-14 01:23:49.153  INFO 9432 --- [http-nio-8080-exec-1] o.a.c.c.C.[Tomcat].[localhost].[/]       : Initializing Spring DispatcherServlet 'dispatcherServlet'
2025-05-14 01:23:49.153  INFO 9432 --- [http-nio-8080-exec-1] o.s.web.servlet.DispatcherServlet        : Initializing Servlet 'dispatcherServlet'
2025-05-14 01:23:49.154  INFO 9432 --- [http-nio-8080-exec-1] o.s.web.servlet.DispatcherServlet        : Completed initialization in 1 ms
2025-05-14 01:23:49.177  INFO 9432 --- [http-nio-8080-exec-1] c.p.e.controlador.EmpleadoController     : GET /api/empleados/1000 - Obtener empleado por ID
2025-05-14 01:23:49.177 DEBUG 9432 --- [http-nio-8080-exec-1] c.p.e.service.EmpleadoServiceImpl        : Buscando empleado con ID: 1000
2025-05-14 01:23:49.204  WARN 9432 --- [http-nio-8080-exec-1] c.p.e.service.EmpleadoServiceImpl        : Empleado con ID 1000 no encontrado
2025-05-14 01:26:11.635  INFO 9432 --- [http-nio-8080-exec-5] c.p.e.controlador.EmpleadoController     : GET /api/empleados/1000 - Obtener empleado por ID
2025-05-14 01:26:11.635 DEBUG 9432 --- [http-nio-8080-exec-5] c.p.e.service.EmpleadoServiceImpl        : Buscando empleado con ID: 1000
2025-05-14 01:26:11.638  WARN 9432 --- [http-nio-8080-exec-5] c.p.e.service.EmpleadoServiceImpl        : Empleado con ID 1000 no encontrado
2025-05-14 01:28:22.196  INFO 9432 --- [SpringApplicationShutdownHook] j.LocalContainerEntityManagerFactoryBean : Closing JPA EntityManagerFactory for persistence unit 'default'
2025-05-14 01:28:22.198  INFO 9432 --- [SpringApplicationShutdownHook] com.zaxxer.hikari.HikariDataSource       : HikariPool-1 - Shutdown initiated...
2025-05-14 01:28:22.200  INFO 9432 --- [SpringApplicationShutdownHook] com.zaxxer.hikari.HikariDataSource       : HikariPool-1 - Shutdown completed.
2025-05-14 01:31:05.553  INFO 26616 --- [main] c.p.empleados.EmpleadosApplication       : Starting EmpleadosApplication using Java 17.0.13 on ManuVar with PID 26616 (C:\Users\umclo\Documents\Siscon\empleados\target\classes started by umclo in C:\Users\umclo\Documents\Siscon\empleados)
2025-05-14 01:31:05.556 DEBUG 26616 --- [main] c.p.empleados.EmpleadosApplication       : Running with Spring Boot v2.7.18, Spring v5.3.31
2025-05-14 01:31:05.556  INFO 26616 --- [main] c.p.empleados.EmpleadosApplication       : No active profile set, falling back to 1 default profile: "default"
2025-05-14 01:31:06.063  INFO 26616 --- [main] .s.d.r.c.RepositoryConfigurationDelegate : Bootstrapping Spring Data JPA repositories in DEFAULT mode.
2025-05-14 01:31:06.108  INFO 26616 --- [main] .s.d.r.c.RepositoryConfigurationDelegate : Finished Spring Data repository scanning in 36 ms. Found 1 JPA repository interfaces.
2025-05-14 01:31:06.630  INFO 26616 --- [main] o.s.b.w.embedded.tomcat.TomcatWebServer  : Tomcat initialized with port(s): 8080 (http)
2025-05-14 01:31:06.638  INFO 26616 --- [main] o.apache.catalina.core.StandardService   : Starting service [Tomcat]
2025-05-14 01:31:06.638  INFO 26616 --- [main] org.apache.catalina.core.StandardEngine  : Starting Servlet engine: [Apache Tomcat/9.0.83]
2025-05-14 01:31:06.719  INFO 26616 --- [main] o.a.c.c.C.[Tomcat].[localhost].[/]       : Initializing Spring embedded WebApplicationContext
2025-05-14 01:31:06.719  INFO 26616 --- [main] w.s.c.ServletWebServerApplicationContext : Root WebApplicationContext: initialization completed in 1128 ms
2025-05-14 01:31:06.848  INFO 26616 --- [main] o.hibernate.jpa.internal.util.LogHelper  : HHH000204: Processing PersistenceUnitInfo [name: default]
2025-05-14 01:31:06.886  INFO 26616 --- [main] org.hibernate.Version                    : HHH000412: Hibernate ORM core version 5.6.15.Final
2025-05-14 01:31:06.997  INFO 26616 --- [main] o.hibernate.annotations.common.Version   : HCANN000001: Hibernate Commons Annotations {5.1.2.Final}
2025-05-14 01:31:07.088  INFO 26616 --- [main] com.zaxxer.hikari.HikariDataSource       : HikariPool-1 - Starting...
2025-05-14 01:31:07.216  INFO 26616 --- [main] com.zaxxer.hikari.HikariDataSource       : HikariPool-1 - Start completed.
2025-05-14 01:31:07.241  INFO 26616 --- [main] org.hibernate.dialect.Dialect            : HHH000400: Using dialect: org.hibernate.dialect.PostgreSQL10Dialect
2025-05-14 01:31:07.738  INFO 26616 --- [main] o.h.e.t.j.p.i.JtaPlatformInitiator       : HHH000490: Using JtaPlatform implementation: [org.hibernate.engine.transaction.jta.platform.internal.NoJtaPlatform]
2025-05-14 01:31:07.745  INFO 26616 --- [main] j.LocalContainerEntityManagerFactoryBean : Initialized JPA EntityManagerFactory for persistence unit 'default'
2025-05-14 01:31:08.049  WARN 26616 --- [main] JpaBaseConfiguration$JpaWebConfiguration : spring.jpa.open-in-view is enabled by default. Therefore, database queries may be performed during view rendering. Explicitly configure spring.jpa.open-in-view to disable this warning
2025-05-14 01:31:08.399  INFO 26616 --- [main] o.s.b.w.embedded.tomcat.TomcatWebServer  : Tomcat started on port(s): 8080 (http) with context path ''
2025-05-14 01:31:08.408  INFO 26616 --- [main] c.p.empleados.EmpleadosApplication       : Started EmpleadosApplication in 3.145 seconds (JVM running for 3.398)
2025-05-14 01:31:21.716  INFO 26616 --- [http-nio-8080-exec-2] o.a.c.c.C.[Tomcat].[localhost].[/]       : Initializing Spring DispatcherServlet 'dispatcherServlet'
2025-05-14 01:31:21.716  INFO 26616 --- [http-nio-8080-exec-2] o.s.web.servlet.DispatcherServlet        : Initializing Servlet 'dispatcherServlet'
2025-05-14 01:31:21.716  INFO 26616 --- [http-nio-8080-exec-2] o.s.web.servlet.DispatcherServlet        : Completed initialization in 0 ms
2025-05-14 01:31:21.748  INFO 26616 --- [http-nio-8080-exec-2] c.p.e.controlador.EmpleadoController     : GET /api/empleados/1000 - Obtener empleado por ID
2025-05-14 01:31:21.748 DEBUG 26616 --- [http-nio-8080-exec-2] c.p.e.service.EmpleadoServiceImpl        : Buscando empleado con ID: 1000
2025-05-14 01:31:21.787  WARN 26616 --- [http-nio-8080-exec-2] c.p.e.service.EmpleadoServiceImpl        : Empleado con ID 1000 no encontrado
2025-05-14 01:31:59.783  INFO 26616 --- [SpringApplicationShutdownHook] j.LocalContainerEntityManagerFactoryBean : Closing JPA EntityManagerFactory for persistence unit 'default'
2025-05-14 01:31:59.784  INFO 26616 --- [SpringApplicationShutdownHook] com.zaxxer.hikari.HikariDataSource       : HikariPool-1 - Shutdown initiated...
2025-05-14 01:31:59.786  INFO 26616 --- [SpringApplicationShutdownHook] com.zaxxer.hikari.HikariDataSource       : HikariPool-1 - Shutdown completed.
2025-05-14 01:35:23.465  INFO 26956 --- [main] c.p.empleados.EmpleadosApplication       : Starting EmpleadosApplication using Java 17.0.13 on ManuVar with PID 26956 (C:\Users\umclo\Documents\Siscon\empleados\target\classes started by umclo in C:\Users\umclo\Documents\Siscon\empleados)
2025-05-14 01:35:23.467 DEBUG 26956 --- [main] c.p.empleados.EmpleadosApplication       : Running with Spring Boot v2.7.18, Spring v5.3.31
2025-05-14 01:35:23.467  INFO 26956 --- [main] c.p.empleados.EmpleadosApplication       : No active profile set, falling back to 1 default profile: "default"
2025-05-14 01:35:24.005  INFO 26956 --- [main] .s.d.r.c.RepositoryConfigurationDelegate : Bootstrapping Spring Data JPA repositories in DEFAULT mode.
2025-05-14 01:35:24.047  INFO 26956 --- [main] .s.d.r.c.RepositoryConfigurationDelegate : Finished Spring Data repository scanning in 32 ms. Found 1 JPA repository interfaces.
2025-05-14 01:35:24.547  INFO 26956 --- [main] o.s.b.w.embedded.tomcat.TomcatWebServer  : Tomcat initialized with port(s): 8080 (http)
2025-05-14 01:35:24.553  INFO 26956 --- [main] o.apache.catalina.core.StandardService   : Starting service [Tomcat]
2025-05-14 01:35:24.553  INFO 26956 --- [main] org.apache.catalina.core.StandardEngine  : Starting Servlet engine: [Apache Tomcat/9.0.83]
2025-05-14 01:35:24.635  INFO 26956 --- [main] o.a.c.c.C.[Tomcat].[localhost].[/]       : Initializing Spring embedded WebApplicationContext
2025-05-14 01:35:24.635  INFO 26956 --- [main] w.s.c.ServletWebServerApplicationContext : Root WebApplicationContext: initialization completed in 1132 ms
2025-05-14 01:35:24.785  INFO 26956 --- [main] o.hibernate.jpa.internal.util.LogHelper  : HHH000204: Processing PersistenceUnitInfo [name: default]
2025-05-14 01:35:24.834  INFO 26956 --- [main] org.hibernate.Version                    : HHH000412: Hibernate ORM core version 5.6.15.Final
2025-05-14 01:35:24.940  INFO 26956 --- [main] o.hibernate.annotations.common.Version   : HCANN000001: Hibernate Commons Annotations {5.1.2.Final}
2025-05-14 01:35:25.031  INFO 26956 --- [main] com.zaxxer.hikari.HikariDataSource       : HikariPool-1 - Starting...
2025-05-14 01:35:25.152  INFO 26956 --- [main] com.zaxxer.hikari.HikariDataSource       : HikariPool-1 - Start completed.
2025-05-14 01:35:25.171  INFO 26956 --- [main] org.hibernate.dialect.Dialect            : HHH000400: Using dialect: org.hibernate.dialect.PostgreSQL10Dialect
2025-05-14 01:35:25.696  INFO 26956 --- [main] o.h.e.t.j.p.i.JtaPlatformInitiator       : HHH000490: Using JtaPlatform implementation: [org.hibernate.engine.transaction.jta.platform.internal.NoJtaPlatform]
2025-05-14 01:35:25.703  INFO 26956 --- [main] j.LocalContainerEntityManagerFactoryBean : Initialized JPA EntityManagerFactory for persistence unit 'default'
2025-05-14 01:35:26.050  WARN 26956 --- [main] JpaBaseConfiguration$JpaWebConfiguration : spring.jpa.open-in-view is enabled by default. Therefore, database queries may be performed during view rendering. Explicitly configure spring.jpa.open-in-view to disable this warning
2025-05-14 01:35:26.391  INFO 26956 --- [main] o.s.b.w.embedded.tomcat.TomcatWebServer  : Tomcat started on port(s): 8080 (http) with context path ''
2025-05-14 01:35:26.400  INFO 26956 --- [main] c.p.empleados.EmpleadosApplication       : Started EmpleadosApplication in 3.233 seconds (JVM running for 3.541)
2025-05-14 01:36:01.398  INFO 26956 --- [http-nio-8080-exec-5] o.a.c.c.C.[Tomcat].[localhost].[/]       : Initializing Spring DispatcherServlet 'dispatcherServlet'
2025-05-14 01:36:01.398  INFO 26956 --- [http-nio-8080-exec-5] o.s.web.servlet.DispatcherServlet        : Initializing Servlet 'dispatcherServlet'
2025-05-14 01:36:01.399  INFO 26956 --- [http-nio-8080-exec-5] o.s.web.servlet.DispatcherServlet        : Completed initialization in 1 ms
2025-05-14 01:36:01.433  INFO 26956 --- [http-nio-8080-exec-5] c.p.e.controlador.EmpleadoController     : GET /api/empleados/1000 - Obtener empleado por ID
2025-05-14 01:36:01.434 DEBUG 26956 --- [http-nio-8080-exec-5] c.p.e.service.EmpleadoServiceImpl        : Buscando empleado con ID: 1000
2025-05-14 01:36:01.471  WARN 26956 --- [http-nio-8080-exec-5] c.p.e.service.EmpleadoServiceImpl        : Empleado con ID 1000 no encontrado
2025-05-14 01:48:15.750  INFO 26956 --- [SpringApplicationShutdownHook] j.LocalContainerEntityManagerFactoryBean : Closing JPA EntityManagerFactory for persistence unit 'default'
2025-05-14 01:48:15.751  INFO 26956 --- [SpringApplicationShutdownHook] com.zaxxer.hikari.HikariDataSource       : HikariPool-1 - Shutdown initiated...
2025-05-14 01:48:15.753  INFO 26956 --- [SpringApplicationShutdownHook] com.zaxxer.hikari.HikariDataSource       : HikariPool-1 - Shutdown completed.
2025-05-14 02:42:29.068  INFO 4696 --- [main] c.p.empleados.EmpleadosApplication       : Starting EmpleadosApplication using Java 17.0.13 on ManuVar with PID 4696 (C:\Users\umclo\Documents\Siscon\empleados\target\classes started by umclo in C:\Users\umclo\Documents\Siscon\empleados)
2025-05-14 02:42:29.071 DEBUG 4696 --- [main] c.p.empleados.EmpleadosApplication       : Running with Spring Boot v2.7.18, Spring v5.3.31
2025-05-14 02:42:29.071  INFO 4696 --- [main] c.p.empleados.EmpleadosApplication       : No active profile set, falling back to 1 default profile: "default"
2025-05-14 02:42:29.682  INFO 4696 --- [main] .s.d.r.c.RepositoryConfigurationDelegate : Bootstrapping Spring Data JPA repositories in DEFAULT mode.
2025-05-14 02:42:29.733  INFO 4696 --- [main] .s.d.r.c.RepositoryConfigurationDelegate : Finished Spring Data repository scanning in 40 ms. Found 1 JPA repository interfaces.
2025-05-14 02:42:30.335  INFO 4696 --- [main] o.s.b.w.embedded.tomcat.TomcatWebServer  : Tomcat initialized with port(s): 8080 (http)
2025-05-14 02:42:30.344  INFO 4696 --- [main] o.apache.catalina.core.StandardService   : Starting service [Tomcat]
2025-05-14 02:42:30.344  INFO 4696 --- [main] org.apache.catalina.core.StandardEngine  : Starting Servlet engine: [Apache Tomcat/9.0.83]
2025-05-14 02:42:30.436  INFO 4696 --- [main] o.a.c.c.C.[Tomcat].[localhost].[/]       : Initializing Spring embedded WebApplicationContext
2025-05-14 02:42:30.436  INFO 4696 --- [main] w.s.c.ServletWebServerApplicationContext : Root WebApplicationContext: initialization completed in 1328 ms
2025-05-14 02:42:30.620  INFO 4696 --- [main] o.hibernate.jpa.internal.util.LogHelper  : HHH000204: Processing PersistenceUnitInfo [name: default]
2025-05-14 02:42:30.675  INFO 4696 --- [main] org.hibernate.Version                    : HHH000412: Hibernate ORM core version 5.6.15.Final
2025-05-14 02:42:30.810  INFO 4696 --- [main] o.hibernate.annotations.common.Version   : HCANN000001: Hibernate Commons Annotations {5.1.2.Final}
2025-05-14 02:42:30.912  INFO 4696 --- [main] com.zaxxer.hikari.HikariDataSource       : HikariPool-1 - Starting...
2025-05-14 02:42:31.064  INFO 4696 --- [main] com.zaxxer.hikari.HikariDataSource       : HikariPool-1 - Start completed.
2025-05-14 02:42:31.088  INFO 4696 --- [main] org.hibernate.dialect.Dialect            : HHH000400: Using dialect: org.hibernate.dialect.PostgreSQL10Dialect
2025-05-14 02:42:31.665  INFO 4696 --- [main] o.h.e.t.j.p.i.JtaPlatformInitiator       : HHH000490: Using JtaPlatform implementation: [org.hibernate.engine.transaction.jta.platform.internal.NoJtaPlatform]
2025-05-14 02:42:31.672  INFO 4696 --- [main] j.LocalContainerEntityManagerFactoryBean : Initialized JPA EntityManagerFactory for persistence unit 'default'
2025-05-14 02:42:31.986  WARN 4696 --- [main] JpaBaseConfiguration$JpaWebConfiguration : spring.jpa.open-in-view is enabled by default. Therefore, database queries may be performed during view rendering. Explicitly configure spring.jpa.open-in-view to disable this warning
2025-05-14 02:42:32.271  INFO 4696 --- [main] o.s.b.w.embedded.tomcat.TomcatWebServer  : Tomcat started on port(s): 8080 (http) with context path ''
2025-05-14 02:42:32.279  INFO 4696 --- [main] c.p.empleados.EmpleadosApplication       : Started EmpleadosApplication in 3.567 seconds (JVM running for 3.91)
2025-05-14 02:42:47.425  INFO 4696 --- [http-nio-8080-exec-2] o.a.c.c.C.[Tomcat].[localhost].[/]       : Initializing Spring DispatcherServlet 'dispatcherServlet'
2025-05-14 02:42:47.426  INFO 4696 --- [http-nio-8080-exec-2] o.s.web.servlet.DispatcherServlet        : Initializing Servlet 'dispatcherServlet'
2025-05-14 02:42:47.427  INFO 4696 --- [http-nio-8080-exec-2] o.s.web.servlet.DispatcherServlet        : Completed initialization in 1 ms
2025-05-14 02:42:47.457  INFO 4696 --- [http-nio-8080-exec-2] c.p.e.controlador.EmpleadoController     : GET /api/empleados - Obtener todos los empleados
2025-05-14 02:42:47.457  INFO 4696 --- [http-nio-8080-exec-2] c.p.e.service.EmpleadoServiceImpl        : Recuperando todos los empleados...
2025-05-14 02:42:58.883  INFO 4696 --- [SpringApplicationShutdownHook] j.LocalContainerEntityManagerFactoryBean : Closing JPA EntityManagerFactory for persistence unit 'default'
2025-05-14 02:42:58.884  INFO 4696 --- [SpringApplicationShutdownHook] com.zaxxer.hikari.HikariDataSource       : HikariPool-1 - Shutdown initiated...
2025-05-14 02:42:58.887  INFO 4696 --- [SpringApplicationShutdownHook] com.zaxxer.hikari.HikariDataSource       : HikariPool-1 - Shutdown completed.
